2017-10-04T23:41:27.418142:INFO:motordriver.cpp[123]:init():Initializing i2c device
2017-10-04T23:41:27.419115:INFO:motordriver.cpp[135]:init():Supports I2C_RDWR
2017-10-04T23:41:27.419357:INFO:motordriver.cpp[202]:initExpanders():IN initExpanders
2017-10-04T23:41:41.945656:WARN:configuration.cpp[57]:_load_config_file():Unable to open: /etc/lensdriver.cfg
2017-10-04T23:41:41.946127:WARN:configuration.cpp[61]:_load_config_file():Unable to open ./lensdriver.cfg either.
2017-10-04T23:41:41.947130:INFO:configuration.cpp[80]:_load_config_file():Loaded config file.
2017-10-04T23:42:12.058027:ERROR:motordriver.cpp[355]:zoomHome():Reached zoom homing step limit of 100
2017-10-04T23:42:23.960668:ERROR:motordriver.cpp[500]:focusHome():Reached focus homing step limit of 100
2017-10-04T23:46:36.979040:INFO:motordriver.cpp[657]:irisHome():At iris limit
2017-10-04T23:47:34.567312:ERROR:motordriver.cpp[355]:zoomHome():Reached zoom homing step limit of 100
2017-10-04T23:47:52.538809:INFO:motordriver.cpp[657]:irisHome():At iris limit
2017-10-05T04:49:53.929420:INFO:motordriver.cpp[127]:init():Initializing i2c device
2017-10-05T04:49:53.932007:INFO:motordriver.cpp[139]:init():Supports I2C_RDWR
2017-10-05T04:49:53.932261:INFO:motordriver.cpp[206]:initExpanders():IN initExpanders
2017-10-05T04:50:06.624181:WARN:configuration.cpp[57]:_load_config_file():Unable to open: /etc/lensdriver.cfg
2017-10-05T04:50:06.624648:WARN:configuration.cpp[61]:_load_config_file():Unable to open ./lensdriver.cfg either.
2017-10-05T04:50:06.625619:INFO:configuration.cpp[80]:_load_config_file():Loaded config file.
2017-10-05T04:50:50.128286:INFO:motordriver.cpp[180]:printReg():0x
2017-10-05T04:50:56.671632:ERROR:motordriver.cpp[359]:zoomHome():Reached zoom homing step limit of 100
2017-10-05T05:16:00.425617:INFO:motordriver.cpp[127]:init():Initializing i2c device
2017-10-05T05:16:00.426669:INFO:motordriver.cpp[139]:init():Supports I2C_RDWR
2017-10-05T05:16:00.426944:INFO:motordriver.cpp[206]:initExpanders():IN initExpanders
2017-10-05T05:16:14.233629:WARN:configuration.cpp[57]:_load_config_file():Unable to open: /etc/lensdriver.cfg
2017-10-05T05:16:14.234064:WARN:configuration.cpp[61]:_load_config_file():Unable to open ./lensdriver.cfg either.
2017-10-05T05:16:14.234942:INFO:configuration.cpp[80]:_load_config_file():Loaded config file.
2017-10-05T05:36:53.230106:INFO:motordriver.cpp[127]:init():Initializing i2c device
2017-10-05T05:36:53.231042:INFO:motordriver.cpp[139]:init():Supports I2C_RDWR
2017-10-05T05:36:53.231285:INFO:motordriver.cpp[206]:initExpanders():IN initExpanders
2017-10-05T05:37:10.373735:WARN:configuration.cpp[57]:_load_config_file():Unable to open: /etc/lensdriver.cfg
2017-10-05T05:37:10.374167:WARN:configuration.cpp[61]:_load_config_file():Unable to open ./lensdriver.cfg either.
2017-10-05T05:37:10.375061:INFO:configuration.cpp[80]:_load_config_file():Loaded config file.
2017-10-05T06:00:00.192616:INFO:motordriver.cpp[127]:init():Initializing i2c device
2017-10-05T06:00:00.193632:INFO:motordriver.cpp[139]:init():Supports I2C_RDWR
2017-10-05T06:00:00.193879:INFO:motordriver.cpp[206]:initExpanders():IN initExpanders
2017-10-05T06:00:13.784170:WARN:configuration.cpp[57]:_load_config_file():Unable to open: /etc/lensdriver.cfg
2017-10-05T06:00:13.784608:WARN:configuration.cpp[61]:_load_config_file():Unable to open ./lensdriver.cfg either.
2017-10-05T06:00:13.785609:INFO:configuration.cpp[80]:_load_config_file():Loaded config file.
2017-10-05T06:15:20.471178:INFO:motordriver.cpp[127]:init():Initializing i2c device
2017-10-05T06:15:20.472165:INFO:motordriver.cpp[139]:init():Supports I2C_RDWR
2017-10-05T06:15:20.472411:INFO:motordriver.cpp[206]:initExpanders():IN initExpanders
2017-10-05T06:15:27.143263:WARN:configuration.cpp[57]:_load_config_file():Unable to open: /etc/lensdriver.cfg
2017-10-05T06:15:27.143698:WARN:configuration.cpp[61]:_load_config_file():Unable to open ./lensdriver.cfg either.
2017-10-05T06:15:27.144584:INFO:configuration.cpp[80]:_load_config_file():Loaded config file.
2017-10-05T06:16:02.086662:ERROR:motordriver.cpp[359]:zoomHome():Reached zoom homing step limit of 100
2017-10-05T06:42:07.158964:INFO:motordriver.cpp[128]:init():Initializing i2c device
2017-10-05T06:42:07.159955:INFO:motordriver.cpp[140]:init():Supports I2C_RDWR
2017-10-05T06:42:07.160202:INFO:motordriver.cpp[207]:initExpanders():IN initExpanders
2017-10-05T06:49:31.248769:INFO:motordriver.cpp[133]:init():Initializing i2c device
2017-10-05T06:49:31.249761:INFO:motordriver.cpp[145]:init():Supports I2C_RDWR
2017-10-05T06:49:31.250002:INFO:motordriver.cpp[212]:initExpanders():IN initExpanders
2017-10-05T06:58:23.785526:INFO:motordriver.cpp[133]:init():Initializing i2c device
2017-10-05T06:58:23.786501:INFO:motordriver.cpp[145]:init():Supports I2C_RDWR
2017-10-05T06:58:23.786745:INFO:motordriver.cpp[212]:initExpanders():IN initExpanders
2017-10-05T06:58:40.105057:WARN:configuration.cpp[57]:_load_config_file():Unable to open: /etc/lensdriver.cfg
2017-10-05T06:58:40.105555:WARN:configuration.cpp[61]:_load_config_file():Unable to open ./lensdriver.cfg either.
2017-10-05T06:58:40.106456:INFO:configuration.cpp[80]:_load_config_file():Loaded config file.
2017-10-05T06:58:40.107141:ERROR:motordriver.cpp[364]:zoomHome():Reached zoom homing step limit of 100
2017-10-05T06:59:57.593545:INFO:motordriver.cpp[133]:init():Initializing i2c device
2017-10-05T06:59:57.594459:INFO:motordriver.cpp[145]:init():Supports I2C_RDWR
2017-10-05T06:59:57.594703:INFO:motordriver.cpp[212]:initExpanders():IN initExpanders
2017-10-05T07:00:03.432889:WARN:configuration.cpp[57]:_load_config_file():Unable to open: /etc/lensdriver.cfg
2017-10-05T07:00:03.433437:WARN:configuration.cpp[61]:_load_config_file():Unable to open ./lensdriver.cfg either.
2017-10-05T07:00:03.434318:INFO:configuration.cpp[80]:_load_config_file():Loaded config file.
2017-10-05T07:00:03.435036:ERROR:motordriver.cpp[364]:zoomHome():Reached zoom homing step limit of 100
2017-10-05T07:01:23.480876:INFO:motordriver.cpp[133]:init():Initializing i2c device
2017-10-05T07:01:23.481907:INFO:motordriver.cpp[145]:init():Supports I2C_RDWR
2017-10-05T07:01:23.482151:INFO:motordriver.cpp[212]:initExpanders():IN initExpanders
2017-10-05T07:01:28.864491:WARN:configuration.cpp[57]:_load_config_file():Unable to open: /etc/lensdriver.cfg
2017-10-05T07:01:28.864921:WARN:configuration.cpp[61]:_load_config_file():Unable to open ./lensdriver.cfg either.
2017-10-05T07:01:28.865893:INFO:configuration.cpp[80]:_load_config_file():Loaded config file.
2017-10-05T07:01:28.996973:ERROR:motordriver.cpp[523]:focusHome():Reached focus homing step limit of 100
2017-10-05T17:40:49.025964:INFO:motordriver.cpp[133]:init():Initializing i2c device
2017-10-05T17:40:49.027431:INFO:motordriver.cpp[145]:init():Supports I2C_RDWR
2017-10-05T17:40:49.027684:INFO:motordriver.cpp[212]:initExpanders():IN initExpanders
2017-10-05T17:56:29.254840:INFO:motordriver.cpp[133]:init():Initializing i2c device
2017-10-05T17:56:29.255770:INFO:motordriver.cpp[145]:init():Supports I2C_RDWR
2017-10-05T17:56:29.256018:INFO:motordriver.cpp[212]:initExpanders():IN initExpanders
2017-10-05T18:07:39.771689:INFO:motordriver.cpp[133]:init():Initializing i2c device
2017-10-05T18:07:39.773279:INFO:motordriver.cpp[145]:init():Supports I2C_RDWR
2017-10-05T18:07:39.773552:INFO:motordriver.cpp[212]:initExpanders():IN initExpanders
2017-10-05T18:09:39.937364:INFO:motordriver.cpp[133]:init():Initializing i2c device
2017-10-05T18:09:39.938296:INFO:motordriver.cpp[145]:init():Supports I2C_RDWR
2017-10-05T18:09:39.938535:INFO:motordriver.cpp[212]:initExpanders():IN initExpanders
2017-10-05T19:55:40.283934:INFO:motordriver.cpp[133]:init():Initializing i2c device
2017-10-05T19:55:40.285303:INFO:motordriver.cpp[145]:init():Supports I2C_RDWR
2017-10-05T19:55:40.285994:INFO:motordriver.cpp[212]:initExpanders():IN initExpanders
2017-10-05T20:03:22.846764:INFO:motordriver.cpp[133]:init():Initializing i2c device
2017-10-05T20:03:22.847614:INFO:motordriver.cpp[145]:init():Supports I2C_RDWR
2017-10-05T20:03:22.847852:INFO:motordriver.cpp[212]:initExpanders():IN initExpanders
2017-10-05T21:25:59.921219:INFO:motordriver.cpp[133]:init():Initializing i2c device
2017-10-05T21:25:59.921785:INFO:motordriver.cpp[145]:init():Supports I2C_RDWR
2017-10-05T21:25:59.921835:INFO:motordriver.cpp[212]:initExpanders():IN initExpanders
2017-10-05T21:48:25.285846:INFO:motordriver.cpp[133]:init():Initializing i2c device
2017-10-05T21:48:25.286416:INFO:motordriver.cpp[145]:init():Supports I2C_RDWR
2017-10-05T21:48:25.286475:INFO:motordriver.cpp[212]:initExpanders():IN initExpanders
2017-10-05T23:52:30.967560:INFO:motordriver.cpp[133]:init():Initializing i2c device
2017-10-05T23:52:30.968870:INFO:motordriver.cpp[145]:init():Supports I2C_RDWR
2017-10-05T23:52:30.969110:INFO:motordriver.cpp[212]:initExpanders():IN initExpanders
2017-10-05T23:52:43.797863:WARN:configuration.cpp[57]:_load_config_file():Unable to open: /etc/lensdriver.cfg
2017-10-05T23:52:43.798285:WARN:configuration.cpp[61]:_load_config_file():Unable to open ./lensdriver.cfg either.
2017-10-05T23:52:43.799180:INFO:configuration.cpp[80]:_load_config_file():Loaded config file.
2017-10-05T23:52:43.799965:ERROR:motordriver.cpp[361]:zoomHome():Reached zoom homing step limit of 100
2017-10-06T00:15:10.976967:INFO:motordriver.cpp[133]:init():Initializing i2c device
2017-10-06T00:15:10.977915:INFO:motordriver.cpp[145]:init():Supports I2C_RDWR
2017-10-06T00:15:10.978153:INFO:motordriver.cpp[212]:initExpanders():IN initExpanders
2017-10-06T00:15:35.992351:WARN:configuration.cpp[57]:_load_config_file():Unable to open: /etc/lensdriver.cfg
2017-10-06T00:15:35.992738:WARN:configuration.cpp[61]:_load_config_file():Unable to open ./lensdriver.cfg either.
2017-10-06T00:15:35.993724:INFO:configuration.cpp[80]:_load_config_file():Loaded config file.
2017-10-06T00:15:35.994351:ERROR:motordriver.cpp[520]:focusHome():Reached focus homing step limit of 100
2017-10-06T00:23:22.772213:INFO:motordriver.cpp[133]:init():Initializing i2c device
2017-10-06T00:23:22.773042:INFO:motordriver.cpp[145]:init():Supports I2C_RDWR
2017-10-06T00:23:22.773275:INFO:motordriver.cpp[212]:initExpanders():IN initExpanders
2017-10-06T00:23:31.644013:WARN:configuration.cpp[57]:_load_config_file():Unable to open: /etc/lensdriver.cfg
2017-10-06T00:23:31.644405:WARN:configuration.cpp[61]:_load_config_file():Unable to open ./lensdriver.cfg either.
2017-10-06T00:23:31.645268:INFO:configuration.cpp[80]:_load_config_file():Loaded config file.
2017-10-06T00:23:31.646059:ERROR:motordriver.cpp[355]:zoomHome():Reached zoom homing step limit of 100
2017-10-06T00:29:56.840451:ERROR:motordriver.cpp[513]:focusHome():Reached focus homing step limit of 100
2017-10-06T00:32:02.759548:INFO:motordriver.cpp[133]:init():Initializing i2c device
2017-10-06T00:32:02.760379:INFO:motordriver.cpp[145]:init():Supports I2C_RDWR
2017-10-06T00:32:02.760621:INFO:motordriver.cpp[212]:initExpanders():IN initExpanders
2017-10-06T03:53:30.576421:INFO:motordriver.cpp[139]:init():Initializing i2c device
2017-10-06T03:53:30.577239:INFO:motordriver.cpp[151]:init():Supports I2C_RDWR
2017-10-06T03:53:30.577474:INFO:motordriver.cpp[218]:initExpanders():IN initExpanders
2017-10-06T03:58:09.109966:INFO:motordriver.cpp[139]:init():Initializing i2c device
2017-10-06T03:58:09.110763:INFO:motordriver.cpp[151]:init():Supports I2C_RDWR
2017-10-06T03:58:09.110997:INFO:motordriver.cpp[218]:initExpanders():IN initExpanders
2017-10-06T04:28:53.850094:INFO:motordriver.cpp[139]:init():Initializing i2c device
2017-10-06T04:28:53.850941:INFO:motordriver.cpp[151]:init():Supports I2C_RDWR
2017-10-06T04:28:53.851182:INFO:motordriver.cpp[218]:initExpanders():IN initExpanders
2017-10-06T04:30:20.593370:INFO:motordriver.cpp[139]:init():Initializing i2c device
2017-10-06T04:30:20.594301:INFO:motordriver.cpp[151]:init():Supports I2C_RDWR
2017-10-06T04:30:20.594540:INFO:motordriver.cpp[218]:initExpanders():IN initExpanders
2017-10-06T04:33:34.968056:INFO:motordriver.cpp[139]:init():Initializing i2c device
2017-10-06T04:33:34.968939:INFO:motordriver.cpp[151]:init():Supports I2C_RDWR
2017-10-06T04:33:34.969175:INFO:motordriver.cpp[218]:initExpanders():IN initExpanders
2017-10-06T04:41:48.268493:INFO:motordriver.cpp[139]:init():Initializing i2c device
2017-10-06T04:41:48.269431:INFO:motordriver.cpp[151]:init():Supports I2C_RDWR
2017-10-06T04:41:48.269780:INFO:motordriver.cpp[218]:initExpanders():IN initExpanders
2017-10-06T05:12:21.352567:INFO:motordriver.cpp[139]:init():Initializing i2c device
2017-10-06T05:12:21.352828:INFO:motordriver.cpp[151]:init():Supports I2C_RDWR
2017-10-06T05:12:21.352883:INFO:motordriver.cpp[218]:initExpanders():IN initExpanders
2017-10-06T05:12:21.354761:WARN:configuration.cpp[57]:_load_config_file():Unable to open: /etc/lensdriver.cfg
2017-10-06T05:12:21.354848:WARN:configuration.cpp[61]:_load_config_file():Unable to open ./lensdriver.cfg either.
2017-10-06T05:12:21.355145:INFO:configuration.cpp[80]:_load_config_file():Loaded config file.
2017-10-06T05:12:21.355529:ERROR:motordriver.cpp[361]:zoomHome():Reached zoom homing step limit of 100
2017-10-06T05:12:21.355692:ERROR:motordriver.cpp[113]:MotorDriver():Unable to home zoom
2017-10-06T05:12:21.355951:ERROR:motordriver.cpp[519]:focusHome():Reached focus homing step limit of 100
2017-10-06T05:12:21.356183:ERROR:motordriver.cpp[120]:MotorDriver():Unable to home focus
2017-10-06T05:27:35.418779:INFO:motordriver.cpp[139]:init():Initializing i2c device
2017-10-06T05:27:35.419101:INFO:motordriver.cpp[151]:init():Supports I2C_RDWR
2017-10-06T05:27:35.419165:INFO:motordriver.cpp[218]:initExpanders():IN initExpanders
2017-10-06T05:27:35.421657:INFO:configuration.cpp[80]:_load_config_file():Loaded config file.
2017-10-06T05:27:37.187194:ERROR:motordriver.cpp[361]:zoomHome():Reached zoom homing step limit of 1410
2017-10-06T05:27:37.187788:ERROR:motordriver.cpp[113]:MotorDriver():Unable to home zoom
2017-10-06T05:31:02.935763:INFO:motordriver.cpp[139]:init():Initializing i2c device
2017-10-06T05:31:02.936043:INFO:motordriver.cpp[151]:init():Supports I2C_RDWR
2017-10-06T05:31:02.936107:INFO:motordriver.cpp[218]:initExpanders():IN initExpanders
2017-10-06T05:31:02.938493:INFO:configuration.cpp[80]:_load_config_file():Loaded config file.
2017-10-06T05:31:04.704057:ERROR:motordriver.cpp[361]:zoomHome():Reached zoom homing step limit of 1410
2017-10-06T05:31:04.704669:ERROR:motordriver.cpp[113]:MotorDriver():Unable to home zoom
2017-10-06T05:31:48.966695:INFO:motordriver.cpp[139]:init():Initializing i2c device
2017-10-06T05:31:48.966960:INFO:motordriver.cpp[151]:init():Supports I2C_RDWR
2017-10-06T05:31:48.967017:INFO:motordriver.cpp[218]:initExpanders():IN initExpanders
2017-10-06T05:31:48.969196:INFO:configuration.cpp[80]:_load_config_file():Loaded config file.
2017-10-06T05:31:48.969435:ERROR:motordriver.cpp[361]:zoomHome():Reached zoom homing step limit of 1410
2017-10-06T05:31:48.969683:ERROR:motordriver.cpp[113]:MotorDriver():Unable to home zoom
2017-10-06T05:37:10.612853:INFO:motordriver.cpp[139]:init():Initializing i2c device
2017-10-06T05:37:10.613178:INFO:motordriver.cpp[151]:init():Supports I2C_RDWR
2017-10-06T05:37:10.613246:INFO:motordriver.cpp[218]:initExpanders():IN initExpanders
2017-10-06T05:37:10.615586:INFO:configuration.cpp[80]:_load_config_file():Loaded config file.
2017-10-06T05:37:10.615869:ERROR:motordriver.cpp[361]:zoomHome():Reached zoom homing step limit of 1410
2017-10-06T05:37:10.616056:ERROR:motordriver.cpp[113]:MotorDriver():Unable to home zoom
2017-10-06T05:37:10.616114:ERROR:motordriver.cpp[520]:focusHome():Reached focus homing step limit of 2643
2017-10-06T05:37:10.616295:ERROR:motordriver.cpp[120]:MotorDriver():Unable to home focus
2017-12-30T19:32:52.796714:INFO:motordriver.cpp[139]:init():Initializing i2c device
2017-12-30T19:32:52.797368:ERROR:motordriver.cpp[142]:init():Unable to open device: /dev/i2c-6
2017-12-30T19:32:52.797525:ERROR:motordriver.cpp[165]:writeReg():Unable to access slave: !
2017-12-30T19:32:52.797656:ERROR:motordriver.cpp[259]:enablePowerLines():Write failed for addr: 21 reg: 13
2017-12-30T19:32:52.797986:WARN:configuration.cpp[57]:_load_config_file():Unable to open: /etc/lensdriver.cfg
2017-12-30T19:32:52.798174:WARN:configuration.cpp[61]:_load_config_file():Unable to open ./lensdriver.cfg either.
2017-12-30T19:32:52.798602:INFO:configuration.cpp[80]:_load_config_file():Loaded config file.
2017-12-30T19:32:52.798794:ERROR:motordriver.cpp[181]:readReg():Unable to access slave:  
2017-12-30T19:32:52.798901:ERROR:motordriver.cpp[165]:writeReg():Unable to access slave:  
2017-12-30T19:32:52.799001:ERROR:motordriver.cpp[410]:zoom():Write failed for addr: 20 reg: 12
2017-12-30T19:32:52.799103:ERROR:motordriver.cpp[181]:readReg():Unable to access slave:  
2017-12-30T19:32:52.799192:ERROR:motordriver.cpp[165]:writeReg():Unable to access slave:  
2017-12-30T19:32:52.799278:ERROR:motordriver.cpp[410]:zoom():Write failed for addr: 20 reg: 12
2017-12-30T19:32:52.799367:ERROR:motordriver.cpp[181]:readReg():Unable to access slave:  
2017-12-30T19:32:52.799456:ERROR:motordriver.cpp[165]:writeReg():Unable to access slave:  
2017-12-30T19:32:52.799542:ERROR:motordriver.cpp[410]:zoom():Write failed for addr: 20 reg: 12
2017-12-30T19:32:52.799630:ERROR:motordriver.cpp[181]:readReg():Unable to access slave:  
2017-12-30T19:32:52.799717:ERROR:motordriver.cpp[165]:writeReg():Unable to access slave:  
2017-12-30T19:32:52.799805:ERROR:motordriver.cpp[410]:zoom():Write failed for addr: 20 reg: 12
2017-12-30T19:32:52.799892:ERROR:motordriver.cpp[181]:readReg():Unable to access slave:  
2017-12-30T19:32:52.799979:ERROR:motordriver.cpp[165]:writeReg():Unable to access slave:  
2017-12-30T19:32:52.800069:ERROR:motordriver.cpp[410]:zoom():Write failed for addr: 20 reg: 12
2017-12-30T19:32:52.800162:ERROR:motordriver.cpp[181]:readReg():Unable to access slave:  
2017-12-30T19:32:52.800250:ERROR:motordriver.cpp[165]:writeReg():Unable to access slave:  
2017-12-30T19:32:52.800336:ERROR:motordriver.cpp[410]:zoom():Write failed for addr: 20 reg: 12
2017-12-30T19:32:52.800434:ERROR:motordriver.cpp[181]:readReg():Unable to access slave:  
2017-12-30T19:32:52.800525:ERROR:motordriver.cpp[165]:writeReg():Unable to access slave:  
2017-12-30T19:32:52.800610:ERROR:motordriver.cpp[410]:zoom():Write failed for addr: 20 reg: 12
2017-12-30T19:32:52.800701:ERROR:motordriver.cpp[181]:readReg():Unable to access slave:  
2017-12-30T19:32:52.800799:ERROR:motordriver.cpp[165]:writeReg():Unable to access slave:  
2017-12-30T19:32:52.800894:ERROR:motordriver.cpp[410]:zoom():Write failed for addr: 20 reg: 12
2017-12-30T19:32:52.800985:ERROR:motordriver.cpp[181]:readReg():Unable to access slave:  
2017-12-30T19:32:52.801171:ERROR:motordriver.cpp[165]:writeReg():Unable to access slave:  
2017-12-30T19:32:52.801251:ERROR:motordriver.cpp[410]:zoom():Write failed for addr: 20 reg: 12
2017-12-30T19:32:52.801332:ERROR:motordriver.cpp[181]:readReg():Unable to access slave:  
2017-12-30T19:32:52.801415:ERROR:motordriver.cpp[165]:writeReg():Unable to access slave:  
2017-12-30T19:32:52.801502:ERROR:motordriver.cpp[410]:zoom():Write failed for addr: 20 reg: 12
2017-12-30T19:32:52.801593:ERROR:motordriver.cpp[181]:readReg():Unable to access slave:  
2017-12-30T19:32:52.801674:ERROR:motordriver.cpp[165]:writeReg():Unable to access slave:  
2017-12-30T19:32:52.801752:ERROR:motordriver.cpp[410]:zoom():Write failed for addr: 20 reg: 12
2017-12-30T19:32:52.801828:ERROR:motordriver.cpp[181]:readReg():Unable to access slave:  
2017-12-30T19:32:52.801901:ERROR:motordriver.cpp[165]:writeReg():Unable to access slave:  
2017-12-30T19:32:52.801978:ERROR:motordriver.cpp[410]:zoom():Write failed for addr: 20 reg: 12
2017-12-30T19:32:52.802056:ERROR:motordriver.cpp[181]:readReg():Unable to access slave:  
2017-12-30T19:32:52.802133:ERROR:motordriver.cpp[165]:writeReg():Unable to access slave:  
2017-12-30T19:32:52.802207:ERROR:motordriver.cpp[410]:zoom():Write failed for addr: 20 reg: 12
2017-12-30T19:32:52.802285:ERROR:motordriver.cpp[181]:readReg():Unable to access slave:  
2017-12-30T19:32:52.802361:ERROR:motordriver.cpp[165]:writeReg():Unable to access slave:  
2017-12-30T19:32:52.802434:ERROR:motordriver.cpp[410]:zoom():Write failed for addr: 20 reg: 12
2017-12-30T19:32:52.802521:ERROR:motordriver.cpp[181]:readReg():Unable to access slave:  
2017-12-30T19:32:52.802603:ERROR:motordriver.cpp[165]:writeReg():Unable to access slave:  
2017-12-30T19:32:52.802707:ERROR:motordriver.cpp[410]:zoom():Write failed for addr: 20 reg: 12
2017-12-30T19:32:52.802792:ERROR:motordriver.cpp[181]:readReg():Unable to access slave:  
2017-12-30T19:32:52.802874:ERROR:motordriver.cpp[165]:writeReg():Unable to access slave:  
2017-12-30T19:32:52.802960:ERROR:motordriver.cpp[410]:zoom():Write failed for addr: 20 reg: 12
2017-12-30T19:32:52.803049:ERROR:motordriver.cpp[181]:readReg():Unable to access slave:  
2017-12-30T19:32:52.803137:ERROR:motordriver.cpp[165]:writeReg():Unable to access slave:  
2017-12-30T19:32:52.803222:ERROR:motordriver.cpp[410]:zoom():Write failed for addr: 20 reg: 12
2017-12-30T19:32:52.803307:ERROR:motordriver.cpp[181]:readReg():Unable to access slave:  
2017-12-30T19:32:52.803403:ERROR:motordriver.cpp[165]:writeReg():Unable to access slave:  
2017-12-30T19:32:52.803504:ERROR:motordriver.cpp[410]:zoom():Write failed for addr: 20 reg: 12
2017-12-30T19:32:52.803609:ERROR:motordriver.cpp[181]:readReg():Unable to access slave:  
2017-12-30T19:32:52.803725:ERROR:motordriver.cpp[165]:writeReg():Unable to access slave:  
2017-12-30T19:32:52.803822:ERROR:motordriver.cpp[410]:zoom():Write failed for addr: 20 reg: 12
2017-12-30T19:32:52.803919:ERROR:motordriver.cpp[181]:readReg():Unable to access slave:  
2017-12-30T19:32:52.804002:ERROR:motordriver.cpp[165]:writeReg():Unable to access slave:  
2017-12-30T19:32:52.804079:ERROR:motordriver.cpp[410]:zoom():Write failed for addr: 20 reg: 12
2017-12-30T19:32:52.804155:ERROR:motordriver.cpp[181]:readReg():Unable to access slave:  
2017-12-30T19:32:52.804229:ERROR:motordriver.cpp[361]:zoomHome():Reached zoom homing step limit of 100
2017-12-30T19:32:52.804308:ERROR:motordriver.cpp[165]:writeReg():Unable to access slave:  
2017-12-30T19:32:52.804383:ERROR:motordriver.cpp[266]:disableZoom():Write failed for addr: 20 reg: 12
2017-12-30T19:32:52.804466:ERROR:motordriver.cpp[113]:MotorDriver():Unable to home zoom
2017-12-30T19:32:52.804561:ERROR:motordriver.cpp[520]:focusHome():Reached focus homing step limit of 100
2017-12-30T19:32:52.804652:ERROR:motordriver.cpp[165]:writeReg():Unable to access slave:  
2017-12-30T19:32:52.804737:ERROR:motordriver.cpp[425]:disableFocus():Write failed for addr: 20 reg: 13
2017-12-30T19:32:52.804826:ERROR:motordriver.cpp[120]:MotorDriver():Unable to home focus
2017-12-30T19:33:27.189553:INFO:motorxmlrpc.hpp[89]:execute():XMLRPC: FocusGetLocation
2017-12-30T19:33:27.194355:INFO:motorxmlrpc.hpp[177]:execute():XMLRPC: ZoomGetLocation
2017-12-30T19:33:27.197688:INFO:motorxmlrpc.hpp[265]:execute():XMLRPC: IrisGetLocation
